2023-08-05 13:46:57,433 - ================================================================================
2023-08-05 13:46:57,433 - EXPERIMENT STARTED
2023-08-05 13:46:57,433 -     namespace:          results/train_model__gcn
2023-08-05 13:46:57,433 -     start time:         Saturday, August 05, 2023 at 01:46 PM
2023-08-05 13:46:57,433 -     archive path:       /media/ssd/Programming/gnn_scripts/gnn_scripts/experiments/results/train_model__gcn/debug
2023-08-05 13:46:57,433 -     debug mode?         True
2023-08-05 13:46:57,433 - ================================================================================
2023-08-05 13:46:57,433 - starting experiment...
2023-08-05 13:46:57,433 - loading dataset from CSV...
2023-08-05 13:46:57,437 - loaded 2002 elements from CSV
2023-08-05 13:46:57,437 - processing the smiles into graph representations...
2023-08-05 13:46:57,449 -  * (0/2002) done
2023-08-05 13:46:57,916 -  * (1000/2002) done
2023-08-05 13:46:58,267 -  * (2000/2002) done
2023-08-05 13:46:58,915 - starting model_training
2023-08-05 13:47:02,938 - model evaluation...
2023-08-05 13:47:03,102 - making test predictions...
2023-08-05 13:47:03,321 - ================================================================================
2023-08-05 13:47:03,321 - EXPERIMENT ENDED
2023-08-05 13:47:03,321 -     duration:           0.002 hrs
2023-08-05 13:47:03,321 -     start time:         Saturday, August 05, 2023 at 01:46 PM
2023-08-05 13:47:03,321 -     end time:           Saturday, August 05, 2023 at 01:47 PM
2023-08-05 13:47:03,321 -     error?              None
2023-08-05 13:47:03,321 -     n/o parameters:     15
2023-08-05 13:47:03,321 -     data size:          0.038 MB
2023-08-05 13:47:03,321 - ================================================================================
2023-08-05 13:47:03,321 - starting analysis...
2023-08-05 13:47:03,321 - plotting the training loss...
2023-08-05 13:47:03,627 - plotting confusion matrix...
2023-08-05 13:47:03,728 - plotting ROC curve...
2023-08-05 13:47:03,794 - printing results:
2023-08-05 13:47:03,794 -  * auroc: 0.537
2023-08-05 13:47:03,794 -  * f1: 0.000
2023-08-05 13:47:03,794 -  * accuracy: 0.503
