2023-08-04 21:32:27,010 - ================================================================================
2023-08-04 21:32:27,011 - EXPERIMENT STARTED
2023-08-04 21:32:27,011 -     namespace:          results/train_model
2023-08-04 21:32:27,011 -     start time:         Friday, August 04, 2023 at 09:32 PM
2023-08-04 21:32:27,011 -     archive path:       /media/ssd/Programming/gnn_scripts/gnn_scripts/experiments/results/train_model/debug
2023-08-04 21:32:27,011 -     debug mode?         True
2023-08-04 21:32:27,011 - ================================================================================
2023-08-04 21:32:27,011 - starting experiment...
2023-08-04 21:32:27,011 - loading dataset from CSV...
2023-08-04 21:32:27,034 - loaded 10008 elements from CSV
2023-08-04 21:32:27,034 - processing the smiles into graph representations...
2023-08-04 21:32:27,048 -  * (0/10008) done
2023-08-04 21:32:27,520 -  * (1000/10008) done
2023-08-04 21:32:27,983 -  * (2000/10008) done
2023-08-04 21:32:28,422 -  * (3000/10008) done
2023-08-04 21:32:28,844 -  * (4000/10008) done
2023-08-04 21:32:29,258 -  * (5000/10008) done
2023-08-04 21:32:29,708 -  * (6000/10008) done
2023-08-04 21:32:30,148 -  * (7000/10008) done
2023-08-04 21:32:30,589 -  * (8000/10008) done
2023-08-04 21:32:31,017 -  * (9000/10008) done
2023-08-04 21:32:31,463 -  * (10000/10008) done
2023-08-04 21:32:31,472 - ================================================================================
2023-08-04 21:32:31,473 - EXPERIMENT ENDED
2023-08-04 21:32:31,473 -     duration:           0.001 hrs
2023-08-04 21:32:31,473 -     start time:         Friday, August 04, 2023 at 09:32 PM
2023-08-04 21:32:31,473 -     end time:           Friday, August 04, 2023 at 09:32 PM
2023-08-04 21:32:31,473 -     error?              None
2023-08-04 21:32:31,473 -     n/o parameters:     7
2023-08-04 21:32:31,473 -     data size:          0.000 MB
2023-08-04 21:32:31,473 - ================================================================================
2023-08-04 21:32:31,473 - starting analysis...
