2023-08-05 13:49:30,951 - ================================================================================
2023-08-05 13:49:30,951 - EXPERIMENT STARTED
2023-08-05 13:49:30,951 -     namespace:          results/train_model__gat
2023-08-05 13:49:30,951 -     start time:         Saturday, August 05, 2023 at 01:49 PM
2023-08-05 13:49:30,951 -     archive path:       /media/ssd/Programming/gnn_scripts/gnn_scripts/experiments/results/train_model__gat/debug
2023-08-05 13:49:30,951 -     debug mode?         True
2023-08-05 13:49:30,951 - ================================================================================
2023-08-05 13:49:30,951 - starting experiment...
2023-08-05 13:49:30,951 - loading dataset from CSV...
2023-08-05 13:49:30,954 - loaded 2002 elements from CSV
2023-08-05 13:49:30,954 - processing the smiles into graph representations...
2023-08-05 13:49:30,965 -  * (0/2002) done
2023-08-05 13:49:31,421 -  * (1000/2002) done
2023-08-05 13:49:31,770 -  * (2000/2002) done
2023-08-05 13:49:32,305 - starting model_training
2023-08-05 13:49:38,101 - model evaluation...
2023-08-05 13:49:38,127 - making test predictions...
2023-08-05 13:49:38,393 - ================================================================================
2023-08-05 13:49:38,393 - EXPERIMENT ENDED
2023-08-05 13:49:38,393 -     duration:           0.002 hrs
2023-08-05 13:49:38,393 -     start time:         Saturday, August 05, 2023 at 01:49 PM
2023-08-05 13:49:38,393 -     end time:           Saturday, August 05, 2023 at 01:49 PM
2023-08-05 13:49:38,393 -     error?              None
2023-08-05 13:49:38,393 -     n/o parameters:     15
2023-08-05 13:49:38,393 -     data size:          0.038 MB
2023-08-05 13:49:38,393 - ================================================================================
2023-08-05 13:49:38,393 - starting analysis...
2023-08-05 13:49:38,393 - plotting the training loss...
2023-08-05 13:49:38,694 - plotting confusion matrix...
2023-08-05 13:49:38,783 - plotting ROC curve...
2023-08-05 13:49:38,849 - printing results:
2023-08-05 13:49:38,849 -  * auroc: 0.478
2023-08-05 13:49:38,849 -  * f1: 0.000
2023-08-05 13:49:38,849 -  * accuracy: 0.514
